The system is: Linux - 4.15.0-58-generic - x86_64
Compiling the C compiler identification source file "CMakeCCompilerId.c" succeeded.
Compiler: /opt/openwrt-gcc463.arm/bin/arm-openwrt-linux-uclibcgnueabi-gcc 
Build flags: -DRTAC82U;-DRTACRH17;-DRTAC82U;-DRTACRH17;-DLINUX26;-DCONFIG_QCA;-DDEBUG_NOISY;-DDEBUG_RCTEST;-pipe;-funit-at-a-time;-Wno-pointer-sign;-marm;-DLINUX30;-DLINUX3_14;-DLINUX_KERNEL_VERSION=200269;--sysroot=/opt/openwrt-gcc463.arm;-DRTAC82U;-DRTACRH17;-D__CONFIG_EMF__;-D__CONFIG_WPS__
Id flags:  

The output was:
0


Compilation of the C compiler identification source "CMakeCCompilerId.c" produced "a.out"

The C compiler identification is GNU, found in "/home/paldier/acrh17/release/src/router/skipdbv2/CMakeFiles/3.10.2/CompilerIdC/a.out"

Compiling the CXX compiler identification source file "CMakeCXXCompilerId.cpp" succeeded.
Compiler: /opt/openwrt-gcc463.arm/bin/arm-openwrt-linux-uclibcgnueabi-g++ 
Build flags: 
Id flags:  

The output was:
0


Compilation of the CXX compiler identification source "CMakeCXXCompilerId.cpp" produced "a.out"

The CXX compiler identification is GNU, found in "/home/paldier/acrh17/release/src/router/skipdbv2/CMakeFiles/3.10.2/CompilerIdCXX/a.out"

Determining if the C compiler works passed with the following output:
Change Dir: /home/paldier/acrh17/release/src/router/skipdbv2/CMakeFiles/CMakeTmp

Run Build Command:"/usr/bin/make" "cmTC_a1e53/fast"
make[4]: 进入目录“/home/paldier/acrh17/release/src/router/skipdbv2/CMakeFiles/CMakeTmp”
/usr/bin/make -f CMakeFiles/cmTC_a1e53.dir/build.make CMakeFiles/cmTC_a1e53.dir/build
make[5]: 进入目录“/home/paldier/acrh17/release/src/router/skipdbv2/CMakeFiles/CMakeTmp”
Building C object CMakeFiles/cmTC_a1e53.dir/testCCompiler.c.o
/opt/openwrt-gcc463.arm/bin/arm-openwrt-linux-uclibcgnueabi-gcc   -DRTAC82U -DRTACRH17 -DRTAC82U -DRTACRH17 -DLINUX26 -DCONFIG_QCA -DDEBUG_NOISY -DDEBUG_RCTEST -pipe -funit-at-a-time -Wno-pointer-sign -marm -DLINUX30 -DLINUX3_14 -DLINUX_KERNEL_VERSION=200269 --sysroot=/opt/openwrt-gcc463.arm -DRTAC82U -DRTACRH17 -D__CONFIG_EMF__ -D__CONFIG_WPS__    -o CMakeFiles/cmTC_a1e53.dir/testCCompiler.c.o   -c /home/paldier/acrh17/release/src/router/skipdbv2/CMakeFiles/CMakeTmp/testCCompiler.c
Linking C executable cmTC_a1e53
/usr/bin/cmake -E cmake_link_script CMakeFiles/cmTC_a1e53.dir/link.txt --verbose=1
/opt/openwrt-gcc463.arm/bin/arm-openwrt-linux-uclibcgnueabi-gcc -DRTAC82U -DRTACRH17 -DRTAC82U -DRTACRH17 -DLINUX26 -DCONFIG_QCA -DDEBUG_NOISY -DDEBUG_RCTEST -pipe -funit-at-a-time -Wno-pointer-sign -marm -DLINUX30 -DLINUX3_14 -DLINUX_KERNEL_VERSION=200269 --sysroot=/opt/openwrt-gcc463.arm -DRTAC82U -DRTACRH17 -D__CONFIG_EMF__ -D__CONFIG_WPS__     -rdynamic CMakeFiles/cmTC_a1e53.dir/testCCompiler.c.o  -o cmTC_a1e53 
make[5]: 离开目录“/home/paldier/acrh17/release/src/router/skipdbv2/CMakeFiles/CMakeTmp”
make[4]: 离开目录“/home/paldier/acrh17/release/src/router/skipdbv2/CMakeFiles/CMakeTmp”


Detecting C compiler ABI info compiled with the following output:
Change Dir: /home/paldier/acrh17/release/src/router/skipdbv2/CMakeFiles/CMakeTmp

Run Build Command:"/usr/bin/make" "cmTC_dd2c4/fast"
make[4]: 进入目录“/home/paldier/acrh17/release/src/router/skipdbv2/CMakeFiles/CMakeTmp”
/usr/bin/make -f CMakeFiles/cmTC_dd2c4.dir/build.make CMakeFiles/cmTC_dd2c4.dir/build
make[5]: 进入目录“/home/paldier/acrh17/release/src/router/skipdbv2/CMakeFiles/CMakeTmp”
Building C object CMakeFiles/cmTC_dd2c4.dir/CMakeCCompilerABI.c.o
/opt/openwrt-gcc463.arm/bin/arm-openwrt-linux-uclibcgnueabi-gcc   -DRTAC82U -DRTACRH17 -DRTAC82U -DRTACRH17 -DLINUX26 -DCONFIG_QCA -DDEBUG_NOISY -DDEBUG_RCTEST -pipe -funit-at-a-time -Wno-pointer-sign -marm -DLINUX30 -DLINUX3_14 -DLINUX_KERNEL_VERSION=200269 --sysroot=/opt/openwrt-gcc463.arm -DRTAC82U -DRTACRH17 -D__CONFIG_EMF__ -D__CONFIG_WPS__    -o CMakeFiles/cmTC_dd2c4.dir/CMakeCCompilerABI.c.o   -c /usr/share/cmake-3.10/Modules/CMakeCCompilerABI.c
Linking C executable cmTC_dd2c4
/usr/bin/cmake -E cmake_link_script CMakeFiles/cmTC_dd2c4.dir/link.txt --verbose=1
/opt/openwrt-gcc463.arm/bin/arm-openwrt-linux-uclibcgnueabi-gcc -DRTAC82U -DRTACRH17 -DRTAC82U -DRTACRH17 -DLINUX26 -DCONFIG_QCA -DDEBUG_NOISY -DDEBUG_RCTEST -pipe -funit-at-a-time -Wno-pointer-sign -marm -DLINUX30 -DLINUX3_14 -DLINUX_KERNEL_VERSION=200269 --sysroot=/opt/openwrt-gcc463.arm -DRTAC82U -DRTACRH17 -D__CONFIG_EMF__ -D__CONFIG_WPS__    -v -rdynamic CMakeFiles/cmTC_dd2c4.dir/CMakeCCompilerABI.c.o  -o cmTC_dd2c4 
Reading specs from /opt/openwrt-gcc463.arm/bin/../lib/gcc/arm-openwrt-linux-uclibcgnueabi/4.6.3/specs
COLLECT_GCC=/opt/openwrt-gcc463.arm/bin/arm-openwrt-linux-uclibcgnueabi-gcc
COLLECT_LTO_WRAPPER=/opt/openwrt-gcc463.arm/bin/../libexec/gcc/arm-openwrt-linux-uclibcgnueabi/4.6.3/lto-wrapper
Target: arm-openwrt-linux-uclibcgnueabi
Configured with: /home/eric1/RT-AC89U/QSDK_BANANA_10.4_TARGET_ALL.2.4.336/qsdk/build_dir/toolchain-arm_v7-a_gcc-4.6-linaro_uClibc-0.9.33.2_eabi/gcc-linaro-4.6-2012.02/configure --prefix=/home/eric1/RT-AC89U/QSDK_BANANA_10.4_TARGET_ALL.2.4.336/qsdk/staging_dir/toolchain-arm_v7-a_gcc-4.6-linaro_uClibc-0.9.33.2_eabi --build=i686-redhat-linux --host=i686-redhat-linux --target=arm-openwrt-linux-uclibcgnueabi --with-gnu-ld --enable-target-optspace --disable-libgomp --disable-libmudflap --disable-multilib --disable-nls --with-host-libstdcxx=-lstdc++ --with-float=soft --with-gmp=/home/eric1/RT-AC89U/QSDK_BANANA_10.4_TARGET_ALL.2.4.336/qsdk/staging_dir/host --with-mpfr=/home/eric1/RT-AC89U/QSDK_BANANA_10.4_TARGET_ALL.2.4.336/qsdk/staging_dir/host --disable-decimal-float --with-mpc=/home/eric1/RT-AC89U/QSDK_BANANA_10.4_TARGET_ALL.2.4.336/qsdk/staging_dir/host --disable-libssp --disable-__cxa_atexit --with-arch=armv7-a --with-headers=/home/eric1/RT-AC89U/QSDK_BANANA_10.4_TARGET_ALL.2.4.336/qsdk/staging_dir/toolchain-arm_v7-a_gcc-4.6-linaro_uClibc-0.9.33.2_eabi/include --enable-languages=c,c++ --enable-shared --enable-threads --with-slibdir=/home/eric1/RT-AC89U/QSDK_BANANA_10.4_TARGET_ALL.2.4.336/qsdk/staging_dir/toolchain-arm_v7-a_gcc-4.6-linaro_uClibc-0.9.33.2_eabi/lib --enable-lto --with-libelf=/home/eric1/RT-AC89U/QSDK_BANANA_10.4_TARGET_ALL.2.4.336/qsdk/staging_dir/host --disable-tls
Thread model: posix
gcc version 4.6.3 20120201 (prerelease) (Linaro GCC 4.6-2012.02) 
COMPILER_PATH=/opt/openwrt-gcc463.arm/bin/../libexec/gcc/arm-openwrt-linux-uclibcgnueabi/4.6.3/:/opt/openwrt-gcc463.arm/bin/../libexec/gcc/:/opt/openwrt-gcc463.arm/bin/../lib/gcc/arm-openwrt-linux-uclibcgnueabi/4.6.3/../../../../arm-openwrt-linux-uclibcgnueabi/bin/
LIBRARY_PATH=/opt/openwrt-gcc463.arm/bin/../lib/gcc/arm-openwrt-linux-uclibcgnueabi/4.6.3/:/opt/openwrt-gcc463.arm/bin/../lib/gcc/:/opt/openwrt-gcc463.arm/bin/../lib/gcc/arm-openwrt-linux-uclibcgnueabi/4.6.3/../../../../arm-openwrt-linux-uclibcgnueabi/lib/:/opt/openwrt-gcc463.arm/lib/:/opt/openwrt-gcc463.arm/usr/lib/
COLLECT_GCC_OPTIONS='-D' 'RTAC82U' '-D' 'RTACRH17' '-D' 'RTAC82U' '-D' 'RTACRH17' '-D' 'LINUX26' '-D' 'CONFIG_QCA' '-D' 'DEBUG_NOISY' '-D' 'DEBUG_RCTEST' '-pipe' '-funit-at-a-time' '-Wno-pointer-sign' '-marm' '-D' 'LINUX30' '-D' 'LINUX3_14' '-D' 'LINUX_KERNEL_VERSION=200269' '-D' 'RTAC82U' '-D' 'RTACRH17' '-D' '__CONFIG_EMF__' '-D' '__CONFIG_WPS__' '-v' '-rdynamic' '-o' 'cmTC_dd2c4' '-march=armv7-a' '-mfloat-abi=soft'
 /opt/openwrt-gcc463.arm/bin/../libexec/gcc/arm-openwrt-linux-uclibcgnueabi/4.6.3/collect2 --sysroot=/opt/openwrt-gcc463.arm --eh-frame-hdr -export-dynamic -dynamic-linker /lib/ld-uClibc.so.0 -X -m armelf_linux_eabi -o cmTC_dd2c4 /opt/openwrt-gcc463.arm/bin/../lib/gcc/arm-openwrt-linux-uclibcgnueabi/4.6.3/../../../../arm-openwrt-linux-uclibcgnueabi/lib/crt1.o /opt/openwrt-gcc463.arm/bin/../lib/gcc/arm-openwrt-linux-uclibcgnueabi/4.6.3/../../../../arm-openwrt-linux-uclibcgnueabi/lib/crti.o /opt/openwrt-gcc463.arm/bin/../lib/gcc/arm-openwrt-linux-uclibcgnueabi/4.6.3/crtbegin.o -L /opt/openwrt-gcc463.arm/usr/lib -rpath-link /opt/openwrt-gcc463.arm/usr/lib -L/opt/openwrt-gcc463.arm/bin/../lib/gcc/arm-openwrt-linux-uclibcgnueabi/4.6.3 -L/opt/openwrt-gcc463.arm/bin/../lib/gcc -L/opt/openwrt-gcc463.arm/bin/../lib/gcc/arm-openwrt-linux-uclibcgnueabi/4.6.3/../../../../arm-openwrt-linux-uclibcgnueabi/lib -L/opt/openwrt-gcc463.arm/lib -L/opt/openwrt-gcc463.arm/usr/lib CMakeFiles/cmTC_dd2c4.dir/CMakeCCompilerABI.c.o -lgcc_s -lc -lgcc_s /opt/openwrt-gcc463.arm/bin/../lib/gcc/arm-openwrt-linux-uclibcgnueabi/4.6.3/crtend.o /opt/openwrt-gcc463.arm/bin/../lib/gcc/arm-openwrt-linux-uclibcgnueabi/4.6.3/../../../../arm-openwrt-linux-uclibcgnueabi/lib/crtn.o
make[5]: 离开目录“/home/paldier/acrh17/release/src/router/skipdbv2/CMakeFiles/CMakeTmp”
make[4]: 离开目录“/home/paldier/acrh17/release/src/router/skipdbv2/CMakeFiles/CMakeTmp”


Parsed C implicit link information from above output:
  link line regex: [^( *|.*[/\])(ld|CMAKE_LINK_STARTFILE-NOTFOUND|([^/\]+-)?ld|collect2)[^/\]*( |$)]
  ignore line: [Change Dir: /home/paldier/acrh17/release/src/router/skipdbv2/CMakeFiles/CMakeTmp]
  ignore line: []
  ignore line: [Run Build Command:"/usr/bin/make" "cmTC_dd2c4/fast"]
  ignore line: [make[4]: 进入目录“/home/paldier/acrh17/release/src/router/skipdbv2/CMakeFiles/CMakeTmp”]
  ignore line: [/usr/bin/make -f CMakeFiles/cmTC_dd2c4.dir/build.make CMakeFiles/cmTC_dd2c4.dir/build]
  ignore line: [make[5]: 进入目录“/home/paldier/acrh17/release/src/router/skipdbv2/CMakeFiles/CMakeTmp”]
  ignore line: [Building C object CMakeFiles/cmTC_dd2c4.dir/CMakeCCompilerABI.c.o]
  ignore line: [/opt/openwrt-gcc463.arm/bin/arm-openwrt-linux-uclibcgnueabi-gcc   -DRTAC82U -DRTACRH17 -DRTAC82U -DRTACRH17 -DLINUX26 -DCONFIG_QCA -DDEBUG_NOISY -DDEBUG_RCTEST -pipe -funit-at-a-time -Wno-pointer-sign -marm -DLINUX30 -DLINUX3_14 -DLINUX_KERNEL_VERSION=200269 --sysroot=/opt/openwrt-gcc463.arm -DRTAC82U -DRTACRH17 -D__CONFIG_EMF__ -D__CONFIG_WPS__    -o CMakeFiles/cmTC_dd2c4.dir/CMakeCCompilerABI.c.o   -c /usr/share/cmake-3.10/Modules/CMakeCCompilerABI.c]
  ignore line: [Linking C executable cmTC_dd2c4]
  ignore line: [/usr/bin/cmake -E cmake_link_script CMakeFiles/cmTC_dd2c4.dir/link.txt --verbose=1]
  ignore line: [/opt/openwrt-gcc463.arm/bin/arm-openwrt-linux-uclibcgnueabi-gcc -DRTAC82U -DRTACRH17 -DRTAC82U -DRTACRH17 -DLINUX26 -DCONFIG_QCA -DDEBUG_NOISY -DDEBUG_RCTEST -pipe -funit-at-a-time -Wno-pointer-sign -marm -DLINUX30 -DLINUX3_14 -DLINUX_KERNEL_VERSION=200269 --sysroot=/opt/openwrt-gcc463.arm -DRTAC82U -DRTACRH17 -D__CONFIG_EMF__ -D__CONFIG_WPS__    -v -rdynamic CMakeFiles/cmTC_dd2c4.dir/CMakeCCompilerABI.c.o  -o cmTC_dd2c4 ]
  ignore line: [Reading specs from /opt/openwrt-gcc463.arm/bin/../lib/gcc/arm-openwrt-linux-uclibcgnueabi/4.6.3/specs]
  ignore line: [COLLECT_GCC=/opt/openwrt-gcc463.arm/bin/arm-openwrt-linux-uclibcgnueabi-gcc]
  ignore line: [COLLECT_LTO_WRAPPER=/opt/openwrt-gcc463.arm/bin/../libexec/gcc/arm-openwrt-linux-uclibcgnueabi/4.6.3/lto-wrapper]
  ignore line: [Target: arm-openwrt-linux-uclibcgnueabi]
  ignore line: [Configured with: /home/eric1/RT-AC89U/QSDK_BANANA_10.4_TARGET_ALL.2.4.336/qsdk/build_dir/toolchain-arm_v7-a_gcc-4.6-linaro_uClibc-0.9.33.2_eabi/gcc-linaro-4.6-2012.02/configure --prefix=/home/eric1/RT-AC89U/QSDK_BANANA_10.4_TARGET_ALL.2.4.336/qsdk/staging_dir/toolchain-arm_v7-a_gcc-4.6-linaro_uClibc-0.9.33.2_eabi --build=i686-redhat-linux --host=i686-redhat-linux --target=arm-openwrt-linux-uclibcgnueabi --with-gnu-ld --enable-target-optspace --disable-libgomp --disable-libmudflap --disable-multilib --disable-nls --with-host-libstdcxx=-lstdc++ --with-float=soft --with-gmp=/home/eric1/RT-AC89U/QSDK_BANANA_10.4_TARGET_ALL.2.4.336/qsdk/staging_dir/host --with-mpfr=/home/eric1/RT-AC89U/QSDK_BANANA_10.4_TARGET_ALL.2.4.336/qsdk/staging_dir/host --disable-decimal-float --with-mpc=/home/eric1/RT-AC89U/QSDK_BANANA_10.4_TARGET_ALL.2.4.336/qsdk/staging_dir/host --disable-libssp --disable-__cxa_atexit --with-arch=armv7-a --with-headers=/home/eric1/RT-AC89U/QSDK_BANANA_10.4_TARGET_ALL.2.4.336/qsdk/staging_dir/toolchain-arm_v7-a_gcc-4.6-linaro_uClibc-0.9.33.2_eabi/include --enable-languages=c,c++ --enable-shared --enable-threads --with-slibdir=/home/eric1/RT-AC89U/QSDK_BANANA_10.4_TARGET_ALL.2.4.336/qsdk/staging_dir/toolchain-arm_v7-a_gcc-4.6-linaro_uClibc-0.9.33.2_eabi/lib --enable-lto --with-libelf=/home/eric1/RT-AC89U/QSDK_BANANA_10.4_TARGET_ALL.2.4.336/qsdk/staging_dir/host --disable-tls]
  ignore line: [Thread model: posix]
  ignore line: [gcc version 4.6.3 20120201 (prerelease) (Linaro GCC 4.6-2012.02) ]
  ignore line: [COMPILER_PATH=/opt/openwrt-gcc463.arm/bin/../libexec/gcc/arm-openwrt-linux-uclibcgnueabi/4.6.3/:/opt/openwrt-gcc463.arm/bin/../libexec/gcc/:/opt/openwrt-gcc463.arm/bin/../lib/gcc/arm-openwrt-linux-uclibcgnueabi/4.6.3/../../../../arm-openwrt-linux-uclibcgnueabi/bin/]
  ignore line: [LIBRARY_PATH=/opt/openwrt-gcc463.arm/bin/../lib/gcc/arm-openwrt-linux-uclibcgnueabi/4.6.3/:/opt/openwrt-gcc463.arm/bin/../lib/gcc/:/opt/openwrt-gcc463.arm/bin/../lib/gcc/arm-openwrt-linux-uclibcgnueabi/4.6.3/../../../../arm-openwrt-linux-uclibcgnueabi/lib/:/opt/openwrt-gcc463.arm/lib/:/opt/openwrt-gcc463.arm/usr/lib/]
  ignore line: [COLLECT_GCC_OPTIONS='-D' 'RTAC82U' '-D' 'RTACRH17' '-D' 'RTAC82U' '-D' 'RTACRH17' '-D' 'LINUX26' '-D' 'CONFIG_QCA' '-D' 'DEBUG_NOISY' '-D' 'DEBUG_RCTEST' '-pipe' '-funit-at-a-time' '-Wno-pointer-sign' '-marm' '-D' 'LINUX30' '-D' 'LINUX3_14' '-D' 'LINUX_KERNEL_VERSION=200269' '-D' 'RTAC82U' '-D' 'RTACRH17' '-D' '__CONFIG_EMF__' '-D' '__CONFIG_WPS__' '-v' '-rdynamic' '-o' 'cmTC_dd2c4' '-march=armv7-a' '-mfloat-abi=soft']
  link line: [ /opt/openwrt-gcc463.arm/bin/../libexec/gcc/arm-openwrt-linux-uclibcgnueabi/4.6.3/collect2 --sysroot=/opt/openwrt-gcc463.arm --eh-frame-hdr -export-dynamic -dynamic-linker /lib/ld-uClibc.so.0 -X -m armelf_linux_eabi -o cmTC_dd2c4 /opt/openwrt-gcc463.arm/bin/../lib/gcc/arm-openwrt-linux-uclibcgnueabi/4.6.3/../../../../arm-openwrt-linux-uclibcgnueabi/lib/crt1.o /opt/openwrt-gcc463.arm/bin/../lib/gcc/arm-openwrt-linux-uclibcgnueabi/4.6.3/../../../../arm-openwrt-linux-uclibcgnueabi/lib/crti.o /opt/openwrt-gcc463.arm/bin/../lib/gcc/arm-openwrt-linux-uclibcgnueabi/4.6.3/crtbegin.o -L /opt/openwrt-gcc463.arm/usr/lib -rpath-link /opt/openwrt-gcc463.arm/usr/lib -L/opt/openwrt-gcc463.arm/bin/../lib/gcc/arm-openwrt-linux-uclibcgnueabi/4.6.3 -L/opt/openwrt-gcc463.arm/bin/../lib/gcc -L/opt/openwrt-gcc463.arm/bin/../lib/gcc/arm-openwrt-linux-uclibcgnueabi/4.6.3/../../../../arm-openwrt-linux-uclibcgnueabi/lib -L/opt/openwrt-gcc463.arm/lib -L/opt/openwrt-gcc463.arm/usr/lib CMakeFiles/cmTC_dd2c4.dir/CMakeCCompilerABI.c.o -lgcc_s -lc -lgcc_s /opt/openwrt-gcc463.arm/bin/../lib/gcc/arm-openwrt-linux-uclibcgnueabi/4.6.3/crtend.o /opt/openwrt-gcc463.arm/bin/../lib/gcc/arm-openwrt-linux-uclibcgnueabi/4.6.3/../../../../arm-openwrt-linux-uclibcgnueabi/lib/crtn.o]
    arg [/opt/openwrt-gcc463.arm/bin/../libexec/gcc/arm-openwrt-linux-uclibcgnueabi/4.6.3/collect2] ==> ignore
    arg [--sysroot=/opt/openwrt-gcc463.arm] ==> ignore
    arg [--eh-frame-hdr] ==> ignore
    arg [-export-dynamic] ==> ignore
    arg [-dynamic-linker] ==> ignore
    arg [/lib/ld-uClibc.so.0] ==> ignore
    arg [-X] ==> ignore
    arg [-m] ==> ignore
    arg [armelf_linux_eabi] ==> ignore
    arg [-o] ==> ignore
    arg [cmTC_dd2c4] ==> ignore
    arg [/opt/openwrt-gcc463.arm/bin/../lib/gcc/arm-openwrt-linux-uclibcgnueabi/4.6.3/../../../../arm-openwrt-linux-uclibcgnueabi/lib/crt1.o] ==> ignore
    arg [/opt/openwrt-gcc463.arm/bin/../lib/gcc/arm-openwrt-linux-uclibcgnueabi/4.6.3/../../../../arm-openwrt-linux-uclibcgnueabi/lib/crti.o] ==> ignore
    arg [/opt/openwrt-gcc463.arm/bin/../lib/gcc/arm-openwrt-linux-uclibcgnueabi/4.6.3/crtbegin.o] ==> ignore
    arg [-L/opt/openwrt-gcc463.arm/usr/lib] ==> dir [/opt/openwrt-gcc463.arm/usr/lib]
    arg [-rpath-link] ==> ignore
    arg [/opt/openwrt-gcc463.arm/usr/lib] ==> ignore
    arg [-L/opt/openwrt-gcc463.arm/bin/../lib/gcc/arm-openwrt-linux-uclibcgnueabi/4.6.3] ==> dir [/opt/openwrt-gcc463.arm/bin/../lib/gcc/arm-openwrt-linux-uclibcgnueabi/4.6.3]
    arg [-L/opt/openwrt-gcc463.arm/bin/../lib/gcc] ==> dir [/opt/openwrt-gcc463.arm/bin/../lib/gcc]
    arg [-L/opt/openwrt-gcc463.arm/bin/../lib/gcc/arm-openwrt-linux-uclibcgnueabi/4.6.3/../../../../arm-openwrt-linux-uclibcgnueabi/lib] ==> dir [/opt/openwrt-gcc463.arm/bin/../lib/gcc/arm-openwrt-linux-uclibcgnueabi/4.6.3/../../../../arm-openwrt-linux-uclibcgnueabi/lib]
    arg [-L/opt/openwrt-gcc463.arm/lib] ==> dir [/opt/openwrt-gcc463.arm/lib]
    arg [-L/opt/openwrt-gcc463.arm/usr/lib] ==> dir [/opt/openwrt-gcc463.arm/usr/lib]
    arg [CMakeFiles/cmTC_dd2c4.dir/CMakeCCompilerABI.c.o] ==> ignore
    arg [-lgcc_s] ==> lib [gcc_s]
    arg [-lc] ==> lib [c]
    arg [-lgcc_s] ==> lib [gcc_s]
    arg [/opt/openwrt-gcc463.arm/bin/../lib/gcc/arm-openwrt-linux-uclibcgnueabi/4.6.3/crtend.o] ==> ignore
    arg [/opt/openwrt-gcc463.arm/bin/../lib/gcc/arm-openwrt-linux-uclibcgnueabi/4.6.3/../../../../arm-openwrt-linux-uclibcgnueabi/lib/crtn.o] ==> ignore
  collapse library dir [/opt/openwrt-gcc463.arm/usr/lib] ==> [/opt/openwrt-gcc463.arm/usr/lib]
  collapse library dir [/opt/openwrt-gcc463.arm/bin/../lib/gcc/arm-openwrt-linux-uclibcgnueabi/4.6.3] ==> [/opt/openwrt-gcc463.arm/lib/gcc/arm-openwrt-linux-uclibcgnueabi/4.6.3]
  collapse library dir [/opt/openwrt-gcc463.arm/bin/../lib/gcc] ==> [/opt/openwrt-gcc463.arm/lib/gcc]
  collapse library dir [/opt/openwrt-gcc463.arm/bin/../lib/gcc/arm-openwrt-linux-uclibcgnueabi/4.6.3/../../../../arm-openwrt-linux-uclibcgnueabi/lib] ==> [/opt/openwrt-gcc463.arm/arm-openwrt-linux-uclibcgnueabi/lib]
  collapse library dir [/opt/openwrt-gcc463.arm/lib] ==> [/opt/openwrt-gcc463.arm/lib]
  collapse library dir [/opt/openwrt-gcc463.arm/usr/lib] ==> [/opt/openwrt-gcc463.arm/usr/lib]
  implicit libs: [gcc_s;c;gcc_s]
  implicit dirs: [/opt/openwrt-gcc463.arm/usr/lib;/opt/openwrt-gcc463.arm/lib/gcc/arm-openwrt-linux-uclibcgnueabi/4.6.3;/opt/openwrt-gcc463.arm/lib/gcc;/opt/openwrt-gcc463.arm/arm-openwrt-linux-uclibcgnueabi/lib;/opt/openwrt-gcc463.arm/lib]
  implicit fwks: []




Detecting C [-std=c1x] compiler features compiled with the following output:
Change Dir: /home/paldier/acrh17/release/src/router/skipdbv2/CMakeFiles/CMakeTmp

Run Build Command:"/usr/bin/make" "cmTC_2f532/fast"
make[4]: 进入目录“/home/paldier/acrh17/release/src/router/skipdbv2/CMakeFiles/CMakeTmp”
/usr/bin/make -f CMakeFiles/cmTC_2f532.dir/build.make CMakeFiles/cmTC_2f532.dir/build
make[5]: 进入目录“/home/paldier/acrh17/release/src/router/skipdbv2/CMakeFiles/CMakeTmp”
Building C object CMakeFiles/cmTC_2f532.dir/feature_tests.c.o
/opt/openwrt-gcc463.arm/bin/arm-openwrt-linux-uclibcgnueabi-gcc   -DRTAC82U -DRTACRH17 -DRTAC82U -DRTACRH17 -DLINUX26 -DCONFIG_QCA -DDEBUG_NOISY -DDEBUG_RCTEST -pipe -funit-at-a-time -Wno-pointer-sign -marm -DLINUX30 -DLINUX3_14 -DLINUX_KERNEL_VERSION=200269 --sysroot=/opt/openwrt-gcc463.arm -DRTAC82U -DRTACRH17 -D__CONFIG_EMF__ -D__CONFIG_WPS__    -std=c1x -o CMakeFiles/cmTC_2f532.dir/feature_tests.c.o   -c /home/paldier/acrh17/release/src/router/skipdbv2/CMakeFiles/feature_tests.c
Linking C executable cmTC_2f532
/usr/bin/cmake -E cmake_link_script CMakeFiles/cmTC_2f532.dir/link.txt --verbose=1
/opt/openwrt-gcc463.arm/bin/arm-openwrt-linux-uclibcgnueabi-gcc -DRTAC82U -DRTACRH17 -DRTAC82U -DRTACRH17 -DLINUX26 -DCONFIG_QCA -DDEBUG_NOISY -DDEBUG_RCTEST -pipe -funit-at-a-time -Wno-pointer-sign -marm -DLINUX30 -DLINUX3_14 -DLINUX_KERNEL_VERSION=200269 --sysroot=/opt/openwrt-gcc463.arm -DRTAC82U -DRTACRH17 -D__CONFIG_EMF__ -D__CONFIG_WPS__     -rdynamic CMakeFiles/cmTC_2f532.dir/feature_tests.c.o  -o cmTC_2f532 
make[5]: 离开目录“/home/paldier/acrh17/release/src/router/skipdbv2/CMakeFiles/CMakeTmp”
make[4]: 离开目录“/home/paldier/acrh17/release/src/router/skipdbv2/CMakeFiles/CMakeTmp”


    Feature record: C_FEATURE:1c_function_prototypes
    Feature record: C_FEATURE:1c_restrict
    Feature record: C_FEATURE:1c_static_assert
    Feature record: C_FEATURE:1c_variadic_macros


Detecting C [-std=c99] compiler features compiled with the following output:
Change Dir: /home/paldier/acrh17/release/src/router/skipdbv2/CMakeFiles/CMakeTmp

Run Build Command:"/usr/bin/make" "cmTC_222e8/fast"
make[4]: 进入目录“/home/paldier/acrh17/release/src/router/skipdbv2/CMakeFiles/CMakeTmp”
/usr/bin/make -f CMakeFiles/cmTC_222e8.dir/build.make CMakeFiles/cmTC_222e8.dir/build
make[5]: 进入目录“/home/paldier/acrh17/release/src/router/skipdbv2/CMakeFiles/CMakeTmp”
Building C object CMakeFiles/cmTC_222e8.dir/feature_tests.c.o
/opt/openwrt-gcc463.arm/bin/arm-openwrt-linux-uclibcgnueabi-gcc   -DRTAC82U -DRTACRH17 -DRTAC82U -DRTACRH17 -DLINUX26 -DCONFIG_QCA -DDEBUG_NOISY -DDEBUG_RCTEST -pipe -funit-at-a-time -Wno-pointer-sign -marm -DLINUX30 -DLINUX3_14 -DLINUX_KERNEL_VERSION=200269 --sysroot=/opt/openwrt-gcc463.arm -DRTAC82U -DRTACRH17 -D__CONFIG_EMF__ -D__CONFIG_WPS__    -std=c99 -o CMakeFiles/cmTC_222e8.dir/feature_tests.c.o   -c /home/paldier/acrh17/release/src/router/skipdbv2/CMakeFiles/feature_tests.c
Linking C executable cmTC_222e8
/usr/bin/cmake -E cmake_link_script CMakeFiles/cmTC_222e8.dir/link.txt --verbose=1
/opt/openwrt-gcc463.arm/bin/arm-openwrt-linux-uclibcgnueabi-gcc -DRTAC82U -DRTACRH17 -DRTAC82U -DRTACRH17 -DLINUX26 -DCONFIG_QCA -DDEBUG_NOISY -DDEBUG_RCTEST -pipe -funit-at-a-time -Wno-pointer-sign -marm -DLINUX30 -DLINUX3_14 -DLINUX_KERNEL_VERSION=200269 --sysroot=/opt/openwrt-gcc463.arm -DRTAC82U -DRTACRH17 -D__CONFIG_EMF__ -D__CONFIG_WPS__     -rdynamic CMakeFiles/cmTC_222e8.dir/feature_tests.c.o  -o cmTC_222e8 
make[5]: 离开目录“/home/paldier/acrh17/release/src/router/skipdbv2/CMakeFiles/CMakeTmp”
make[4]: 离开目录“/home/paldier/acrh17/release/src/router/skipdbv2/CMakeFiles/CMakeTmp”


    Feature record: C_FEATURE:1c_function_prototypes
    Feature record: C_FEATURE:1c_restrict
    Feature record: C_FEATURE:0c_static_assert
    Feature record: C_FEATURE:1c_variadic_macros


Detecting C [-std=c90] compiler features compiled with the following output:
Change Dir: /home/paldier/acrh17/release/src/router/skipdbv2/CMakeFiles/CMakeTmp

Run Build Command:"/usr/bin/make" "cmTC_acb5e/fast"
make[4]: 进入目录“/home/paldier/acrh17/release/src/router/skipdbv2/CMakeFiles/CMakeTmp”
/usr/bin/make -f CMakeFiles/cmTC_acb5e.dir/build.make CMakeFiles/cmTC_acb5e.dir/build
make[5]: 进入目录“/home/paldier/acrh17/release/src/router/skipdbv2/CMakeFiles/CMakeTmp”
Building C object CMakeFiles/cmTC_acb5e.dir/feature_tests.c.o
/opt/openwrt-gcc463.arm/bin/arm-openwrt-linux-uclibcgnueabi-gcc   -DRTAC82U -DRTACRH17 -DRTAC82U -DRTACRH17 -DLINUX26 -DCONFIG_QCA -DDEBUG_NOISY -DDEBUG_RCTEST -pipe -funit-at-a-time -Wno-pointer-sign -marm -DLINUX30 -DLINUX3_14 -DLINUX_KERNEL_VERSION=200269 --sysroot=/opt/openwrt-gcc463.arm -DRTAC82U -DRTACRH17 -D__CONFIG_EMF__ -D__CONFIG_WPS__    -std=c90 -o CMakeFiles/cmTC_acb5e.dir/feature_tests.c.o   -c /home/paldier/acrh17/release/src/router/skipdbv2/CMakeFiles/feature_tests.c
Linking C executable cmTC_acb5e
/usr/bin/cmake -E cmake_link_script CMakeFiles/cmTC_acb5e.dir/link.txt --verbose=1
/opt/openwrt-gcc463.arm/bin/arm-openwrt-linux-uclibcgnueabi-gcc -DRTAC82U -DRTACRH17 -DRTAC82U -DRTACRH17 -DLINUX26 -DCONFIG_QCA -DDEBUG_NOISY -DDEBUG_RCTEST -pipe -funit-at-a-time -Wno-pointer-sign -marm -DLINUX30 -DLINUX3_14 -DLINUX_KERNEL_VERSION=200269 --sysroot=/opt/openwrt-gcc463.arm -DRTAC82U -DRTACRH17 -D__CONFIG_EMF__ -D__CONFIG_WPS__     -rdynamic CMakeFiles/cmTC_acb5e.dir/feature_tests.c.o  -o cmTC_acb5e 
make[5]: 离开目录“/home/paldier/acrh17/release/src/router/skipdbv2/CMakeFiles/CMakeTmp”
make[4]: 离开目录“/home/paldier/acrh17/release/src/router/skipdbv2/CMakeFiles/CMakeTmp”


    Feature record: C_FEATURE:1c_function_prototypes
    Feature record: C_FEATURE:0c_restrict
    Feature record: C_FEATURE:0c_static_assert
    Feature record: C_FEATURE:0c_variadic_macros
Determining if the CXX compiler works passed with the following output:
Change Dir: /home/paldier/acrh17/release/src/router/skipdbv2/CMakeFiles/CMakeTmp

Run Build Command:"/usr/bin/make" "cmTC_e049d/fast"
make[4]: 进入目录“/home/paldier/acrh17/release/src/router/skipdbv2/CMakeFiles/CMakeTmp”
/usr/bin/make -f CMakeFiles/cmTC_e049d.dir/build.make CMakeFiles/cmTC_e049d.dir/build
make[5]: 进入目录“/home/paldier/acrh17/release/src/router/skipdbv2/CMakeFiles/CMakeTmp”
Building CXX object CMakeFiles/cmTC_e049d.dir/testCXXCompiler.cxx.o
/opt/openwrt-gcc463.arm/bin/arm-openwrt-linux-uclibcgnueabi-g++     -o CMakeFiles/cmTC_e049d.dir/testCXXCompiler.cxx.o -c /home/paldier/acrh17/release/src/router/skipdbv2/CMakeFiles/CMakeTmp/testCXXCompiler.cxx
Linking CXX executable cmTC_e049d
/usr/bin/cmake -E cmake_link_script CMakeFiles/cmTC_e049d.dir/link.txt --verbose=1
/opt/openwrt-gcc463.arm/bin/arm-openwrt-linux-uclibcgnueabi-g++       -rdynamic CMakeFiles/cmTC_e049d.dir/testCXXCompiler.cxx.o  -o cmTC_e049d 
make[5]: 离开目录“/home/paldier/acrh17/release/src/router/skipdbv2/CMakeFiles/CMakeTmp”
make[4]: 离开目录“/home/paldier/acrh17/release/src/router/skipdbv2/CMakeFiles/CMakeTmp”


Detecting CXX compiler ABI info compiled with the following output:
Change Dir: /home/paldier/acrh17/release/src/router/skipdbv2/CMakeFiles/CMakeTmp

Run Build Command:"/usr/bin/make" "cmTC_93073/fast"
make[4]: 进入目录“/home/paldier/acrh17/release/src/router/skipdbv2/CMakeFiles/CMakeTmp”
/usr/bin/make -f CMakeFiles/cmTC_93073.dir/build.make CMakeFiles/cmTC_93073.dir/build
make[5]: 进入目录“/home/paldier/acrh17/release/src/router/skipdbv2/CMakeFiles/CMakeTmp”
Building CXX object CMakeFiles/cmTC_93073.dir/CMakeCXXCompilerABI.cpp.o
/opt/openwrt-gcc463.arm/bin/arm-openwrt-linux-uclibcgnueabi-g++     -o CMakeFiles/cmTC_93073.dir/CMakeCXXCompilerABI.cpp.o -c /usr/share/cmake-3.10/Modules/CMakeCXXCompilerABI.cpp
Linking CXX executable cmTC_93073
/usr/bin/cmake -E cmake_link_script CMakeFiles/cmTC_93073.dir/link.txt --verbose=1
/opt/openwrt-gcc463.arm/bin/arm-openwrt-linux-uclibcgnueabi-g++      -v -rdynamic CMakeFiles/cmTC_93073.dir/CMakeCXXCompilerABI.cpp.o  -o cmTC_93073 
Reading specs from /opt/openwrt-gcc463.arm/bin/../lib/gcc/arm-openwrt-linux-uclibcgnueabi/4.6.3/specs
COLLECT_GCC=/opt/openwrt-gcc463.arm/bin/arm-openwrt-linux-uclibcgnueabi-g++
COLLECT_LTO_WRAPPER=/opt/openwrt-gcc463.arm/bin/../libexec/gcc/arm-openwrt-linux-uclibcgnueabi/4.6.3/lto-wrapper
Target: arm-openwrt-linux-uclibcgnueabi
Configured with: /home/eric1/RT-AC89U/QSDK_BANANA_10.4_TARGET_ALL.2.4.336/qsdk/build_dir/toolchain-arm_v7-a_gcc-4.6-linaro_uClibc-0.9.33.2_eabi/gcc-linaro-4.6-2012.02/configure --prefix=/home/eric1/RT-AC89U/QSDK_BANANA_10.4_TARGET_ALL.2.4.336/qsdk/staging_dir/toolchain-arm_v7-a_gcc-4.6-linaro_uClibc-0.9.33.2_eabi --build=i686-redhat-linux --host=i686-redhat-linux --target=arm-openwrt-linux-uclibcgnueabi --with-gnu-ld --enable-target-optspace --disable-libgomp --disable-libmudflap --disable-multilib --disable-nls --with-host-libstdcxx=-lstdc++ --with-float=soft --with-gmp=/home/eric1/RT-AC89U/QSDK_BANANA_10.4_TARGET_ALL.2.4.336/qsdk/staging_dir/host --with-mpfr=/home/eric1/RT-AC89U/QSDK_BANANA_10.4_TARGET_ALL.2.4.336/qsdk/staging_dir/host --disable-decimal-float --with-mpc=/home/eric1/RT-AC89U/QSDK_BANANA_10.4_TARGET_ALL.2.4.336/qsdk/staging_dir/host --disable-libssp --disable-__cxa_atexit --with-arch=armv7-a --with-headers=/home/eric1/RT-AC89U/QSDK_BANANA_10.4_TARGET_ALL.2.4.336/qsdk/staging_dir/toolchain-arm_v7-a_gcc-4.6-linaro_uClibc-0.9.33.2_eabi/include --enable-languages=c,c++ --enable-shared --enable-threads --with-slibdir=/home/eric1/RT-AC89U/QSDK_BANANA_10.4_TARGET_ALL.2.4.336/qsdk/staging_dir/toolchain-arm_v7-a_gcc-4.6-linaro_uClibc-0.9.33.2_eabi/lib --enable-lto --with-libelf=/home/eric1/RT-AC89U/QSDK_BANANA_10.4_TARGET_ALL.2.4.336/qsdk/staging_dir/host --disable-tls
Thread model: posix
gcc version 4.6.3 20120201 (prerelease) (Linaro GCC 4.6-2012.02) 
COMPILER_PATH=/opt/openwrt-gcc463.arm/bin/../libexec/gcc/arm-openwrt-linux-uclibcgnueabi/4.6.3/:/opt/openwrt-gcc463.arm/bin/../libexec/gcc/:/opt/openwrt-gcc463.arm/bin/../lib/gcc/arm-openwrt-linux-uclibcgnueabi/4.6.3/../../../../arm-openwrt-linux-uclibcgnueabi/bin/
LIBRARY_PATH=/opt/openwrt-gcc463.arm/bin/../lib/gcc/arm-openwrt-linux-uclibcgnueabi/4.6.3/:/opt/openwrt-gcc463.arm/bin/../lib/gcc/:/opt/openwrt-gcc463.arm/bin/../lib/gcc/arm-openwrt-linux-uclibcgnueabi/4.6.3/../../../../arm-openwrt-linux-uclibcgnueabi/lib/
COLLECT_GCC_OPTIONS='-v' '-rdynamic' '-o' 'cmTC_93073' '-shared-libgcc' '-march=armv7-a' '-mfloat-abi=soft'
 /opt/openwrt-gcc463.arm/bin/../libexec/gcc/arm-openwrt-linux-uclibcgnueabi/4.6.3/collect2 --eh-frame-hdr -export-dynamic -dynamic-linker /lib/ld-uClibc.so.0 -X -m armelf_linux_eabi -o cmTC_93073 /opt/openwrt-gcc463.arm/bin/../lib/gcc/arm-openwrt-linux-uclibcgnueabi/4.6.3/../../../../arm-openwrt-linux-uclibcgnueabi/lib/crt1.o /opt/openwrt-gcc463.arm/bin/../lib/gcc/arm-openwrt-linux-uclibcgnueabi/4.6.3/../../../../arm-openwrt-linux-uclibcgnueabi/lib/crti.o /opt/openwrt-gcc463.arm/bin/../lib/gcc/arm-openwrt-linux-uclibcgnueabi/4.6.3/crtbegin.o -L /opt/openwrt-gcc463.arm/usr/lib -rpath-link /opt/openwrt-gcc463.arm/usr/lib -L/opt/openwrt-gcc463.arm/bin/../lib/gcc/arm-openwrt-linux-uclibcgnueabi/4.6.3 -L/opt/openwrt-gcc463.arm/bin/../lib/gcc -L/opt/openwrt-gcc463.arm/bin/../lib/gcc/arm-openwrt-linux-uclibcgnueabi/4.6.3/../../../../arm-openwrt-linux-uclibcgnueabi/lib CMakeFiles/cmTC_93073.dir/CMakeCXXCompilerABI.cpp.o -lstdc++ -lm -lgcc_s -lc -lgcc_s /opt/openwrt-gcc463.arm/bin/../lib/gcc/arm-openwrt-linux-uclibcgnueabi/4.6.3/crtend.o /opt/openwrt-gcc463.arm/bin/../lib/gcc/arm-openwrt-linux-uclibcgnueabi/4.6.3/../../../../arm-openwrt-linux-uclibcgnueabi/lib/crtn.o
make[5]: 离开目录“/home/paldier/acrh17/release/src/router/skipdbv2/CMakeFiles/CMakeTmp”
make[4]: 离开目录“/home/paldier/acrh17/release/src/router/skipdbv2/CMakeFiles/CMakeTmp”


Parsed CXX implicit link information from above output:
  link line regex: [^( *|.*[/\])(ld|CMAKE_LINK_STARTFILE-NOTFOUND|([^/\]+-)?ld|collect2)[^/\]*( |$)]
  ignore line: [Change Dir: /home/paldier/acrh17/release/src/router/skipdbv2/CMakeFiles/CMakeTmp]
  ignore line: []
  ignore line: [Run Build Command:"/usr/bin/make" "cmTC_93073/fast"]
  ignore line: [make[4]: 进入目录“/home/paldier/acrh17/release/src/router/skipdbv2/CMakeFiles/CMakeTmp”]
  ignore line: [/usr/bin/make -f CMakeFiles/cmTC_93073.dir/build.make CMakeFiles/cmTC_93073.dir/build]
  ignore line: [make[5]: 进入目录“/home/paldier/acrh17/release/src/router/skipdbv2/CMakeFiles/CMakeTmp”]
  ignore line: [Building CXX object CMakeFiles/cmTC_93073.dir/CMakeCXXCompilerABI.cpp.o]
  ignore line: [/opt/openwrt-gcc463.arm/bin/arm-openwrt-linux-uclibcgnueabi-g++     -o CMakeFiles/cmTC_93073.dir/CMakeCXXCompilerABI.cpp.o -c /usr/share/cmake-3.10/Modules/CMakeCXXCompilerABI.cpp]
  ignore line: [Linking CXX executable cmTC_93073]
  ignore line: [/usr/bin/cmake -E cmake_link_script CMakeFiles/cmTC_93073.dir/link.txt --verbose=1]
  ignore line: [/opt/openwrt-gcc463.arm/bin/arm-openwrt-linux-uclibcgnueabi-g++      -v -rdynamic CMakeFiles/cmTC_93073.dir/CMakeCXXCompilerABI.cpp.o  -o cmTC_93073 ]
  ignore line: [Reading specs from /opt/openwrt-gcc463.arm/bin/../lib/gcc/arm-openwrt-linux-uclibcgnueabi/4.6.3/specs]
  ignore line: [COLLECT_GCC=/opt/openwrt-gcc463.arm/bin/arm-openwrt-linux-uclibcgnueabi-g++]
  ignore line: [COLLECT_LTO_WRAPPER=/opt/openwrt-gcc463.arm/bin/../libexec/gcc/arm-openwrt-linux-uclibcgnueabi/4.6.3/lto-wrapper]
  ignore line: [Target: arm-openwrt-linux-uclibcgnueabi]
  ignore line: [Configured with: /home/eric1/RT-AC89U/QSDK_BANANA_10.4_TARGET_ALL.2.4.336/qsdk/build_dir/toolchain-arm_v7-a_gcc-4.6-linaro_uClibc-0.9.33.2_eabi/gcc-linaro-4.6-2012.02/configure --prefix=/home/eric1/RT-AC89U/QSDK_BANANA_10.4_TARGET_ALL.2.4.336/qsdk/staging_dir/toolchain-arm_v7-a_gcc-4.6-linaro_uClibc-0.9.33.2_eabi --build=i686-redhat-linux --host=i686-redhat-linux --target=arm-openwrt-linux-uclibcgnueabi --with-gnu-ld --enable-target-optspace --disable-libgomp --disable-libmudflap --disable-multilib --disable-nls --with-host-libstdcxx=-lstdc++ --with-float=soft --with-gmp=/home/eric1/RT-AC89U/QSDK_BANANA_10.4_TARGET_ALL.2.4.336/qsdk/staging_dir/host --with-mpfr=/home/eric1/RT-AC89U/QSDK_BANANA_10.4_TARGET_ALL.2.4.336/qsdk/staging_dir/host --disable-decimal-float --with-mpc=/home/eric1/RT-AC89U/QSDK_BANANA_10.4_TARGET_ALL.2.4.336/qsdk/staging_dir/host --disable-libssp --disable-__cxa_atexit --with-arch=armv7-a --with-headers=/home/eric1/RT-AC89U/QSDK_BANANA_10.4_TARGET_ALL.2.4.336/qsdk/staging_dir/toolchain-arm_v7-a_gcc-4.6-linaro_uClibc-0.9.33.2_eabi/include --enable-languages=c,c++ --enable-shared --enable-threads --with-slibdir=/home/eric1/RT-AC89U/QSDK_BANANA_10.4_TARGET_ALL.2.4.336/qsdk/staging_dir/toolchain-arm_v7-a_gcc-4.6-linaro_uClibc-0.9.33.2_eabi/lib --enable-lto --with-libelf=/home/eric1/RT-AC89U/QSDK_BANANA_10.4_TARGET_ALL.2.4.336/qsdk/staging_dir/host --disable-tls]
  ignore line: [Thread model: posix]
  ignore line: [gcc version 4.6.3 20120201 (prerelease) (Linaro GCC 4.6-2012.02) ]
  ignore line: [COMPILER_PATH=/opt/openwrt-gcc463.arm/bin/../libexec/gcc/arm-openwrt-linux-uclibcgnueabi/4.6.3/:/opt/openwrt-gcc463.arm/bin/../libexec/gcc/:/opt/openwrt-gcc463.arm/bin/../lib/gcc/arm-openwrt-linux-uclibcgnueabi/4.6.3/../../../../arm-openwrt-linux-uclibcgnueabi/bin/]
  ignore line: [LIBRARY_PATH=/opt/openwrt-gcc463.arm/bin/../lib/gcc/arm-openwrt-linux-uclibcgnueabi/4.6.3/:/opt/openwrt-gcc463.arm/bin/../lib/gcc/:/opt/openwrt-gcc463.arm/bin/../lib/gcc/arm-openwrt-linux-uclibcgnueabi/4.6.3/../../../../arm-openwrt-linux-uclibcgnueabi/lib/]
  ignore line: [COLLECT_GCC_OPTIONS='-v' '-rdynamic' '-o' 'cmTC_93073' '-shared-libgcc' '-march=armv7-a' '-mfloat-abi=soft']
  link line: [ /opt/openwrt-gcc463.arm/bin/../libexec/gcc/arm-openwrt-linux-uclibcgnueabi/4.6.3/collect2 --eh-frame-hdr -export-dynamic -dynamic-linker /lib/ld-uClibc.so.0 -X -m armelf_linux_eabi -o cmTC_93073 /opt/openwrt-gcc463.arm/bin/../lib/gcc/arm-openwrt-linux-uclibcgnueabi/4.6.3/../../../../arm-openwrt-linux-uclibcgnueabi/lib/crt1.o /opt/openwrt-gcc463.arm/bin/../lib/gcc/arm-openwrt-linux-uclibcgnueabi/4.6.3/../../../../arm-openwrt-linux-uclibcgnueabi/lib/crti.o /opt/openwrt-gcc463.arm/bin/../lib/gcc/arm-openwrt-linux-uclibcgnueabi/4.6.3/crtbegin.o -L /opt/openwrt-gcc463.arm/usr/lib -rpath-link /opt/openwrt-gcc463.arm/usr/lib -L/opt/openwrt-gcc463.arm/bin/../lib/gcc/arm-openwrt-linux-uclibcgnueabi/4.6.3 -L/opt/openwrt-gcc463.arm/bin/../lib/gcc -L/opt/openwrt-gcc463.arm/bin/../lib/gcc/arm-openwrt-linux-uclibcgnueabi/4.6.3/../../../../arm-openwrt-linux-uclibcgnueabi/lib CMakeFiles/cmTC_93073.dir/CMakeCXXCompilerABI.cpp.o -lstdc++ -lm -lgcc_s -lc -lgcc_s /opt/openwrt-gcc463.arm/bin/../lib/gcc/arm-openwrt-linux-uclibcgnueabi/4.6.3/crtend.o /opt/openwrt-gcc463.arm/bin/../lib/gcc/arm-openwrt-linux-uclibcgnueabi/4.6.3/../../../../arm-openwrt-linux-uclibcgnueabi/lib/crtn.o]
    arg [/opt/openwrt-gcc463.arm/bin/../libexec/gcc/arm-openwrt-linux-uclibcgnueabi/4.6.3/collect2] ==> ignore
    arg [--eh-frame-hdr] ==> ignore
    arg [-export-dynamic] ==> ignore
    arg [-dynamic-linker] ==> ignore
    arg [/lib/ld-uClibc.so.0] ==> ignore
    arg [-X] ==> ignore
    arg [-m] ==> ignore
    arg [armelf_linux_eabi] ==> ignore
    arg [-o] ==> ignore
    arg [cmTC_93073] ==> ignore
    arg [/opt/openwrt-gcc463.arm/bin/../lib/gcc/arm-openwrt-linux-uclibcgnueabi/4.6.3/../../../../arm-openwrt-linux-uclibcgnueabi/lib/crt1.o] ==> ignore
    arg [/opt/openwrt-gcc463.arm/bin/../lib/gcc/arm-openwrt-linux-uclibcgnueabi/4.6.3/../../../../arm-openwrt-linux-uclibcgnueabi/lib/crti.o] ==> ignore
    arg [/opt/openwrt-gcc463.arm/bin/../lib/gcc/arm-openwrt-linux-uclibcgnueabi/4.6.3/crtbegin.o] ==> ignore
    arg [-L/opt/openwrt-gcc463.arm/usr/lib] ==> dir [/opt/openwrt-gcc463.arm/usr/lib]
    arg [-rpath-link] ==> ignore
    arg [/opt/openwrt-gcc463.arm/usr/lib] ==> ignore
    arg [-L/opt/openwrt-gcc463.arm/bin/../lib/gcc/arm-openwrt-linux-uclibcgnueabi/4.6.3] ==> dir [/opt/openwrt-gcc463.arm/bin/../lib/gcc/arm-openwrt-linux-uclibcgnueabi/4.6.3]
    arg [-L/opt/openwrt-gcc463.arm/bin/../lib/gcc] ==> dir [/opt/openwrt-gcc463.arm/bin/../lib/gcc]
    arg [-L/opt/openwrt-gcc463.arm/bin/../lib/gcc/arm-openwrt-linux-uclibcgnueabi/4.6.3/../../../../arm-openwrt-linux-uclibcgnueabi/lib] ==> dir [/opt/openwrt-gcc463.arm/bin/../lib/gcc/arm-openwrt-linux-uclibcgnueabi/4.6.3/../../../../arm-openwrt-linux-uclibcgnueabi/lib]
    arg [CMakeFiles/cmTC_93073.dir/CMakeCXXCompilerABI.cpp.o] ==> ignore
    arg [-lstdc++] ==> lib [stdc++]
    arg [-lm] ==> lib [m]
    arg [-lgcc_s] ==> lib [gcc_s]
    arg [-lc] ==> lib [c]
    arg [-lgcc_s] ==> lib [gcc_s]
    arg [/opt/openwrt-gcc463.arm/bin/../lib/gcc/arm-openwrt-linux-uclibcgnueabi/4.6.3/crtend.o] ==> ignore
    arg [/opt/openwrt-gcc463.arm/bin/../lib/gcc/arm-openwrt-linux-uclibcgnueabi/4.6.3/../../../../arm-openwrt-linux-uclibcgnueabi/lib/crtn.o] ==> ignore
  collapse library dir [/opt/openwrt-gcc463.arm/usr/lib] ==> [/opt/openwrt-gcc463.arm/usr/lib]
  collapse library dir [/opt/openwrt-gcc463.arm/bin/../lib/gcc/arm-openwrt-linux-uclibcgnueabi/4.6.3] ==> [/opt/openwrt-gcc463.arm/lib/gcc/arm-openwrt-linux-uclibcgnueabi/4.6.3]
  collapse library dir [/opt/openwrt-gcc463.arm/bin/../lib/gcc] ==> [/opt/openwrt-gcc463.arm/lib/gcc]
  collapse library dir [/opt/openwrt-gcc463.arm/bin/../lib/gcc/arm-openwrt-linux-uclibcgnueabi/4.6.3/../../../../arm-openwrt-linux-uclibcgnueabi/lib] ==> [/opt/openwrt-gcc463.arm/arm-openwrt-linux-uclibcgnueabi/lib]
  implicit libs: [stdc++;m;gcc_s;c;gcc_s]
  implicit dirs: [/opt/openwrt-gcc463.arm/usr/lib;/opt/openwrt-gcc463.arm/lib/gcc/arm-openwrt-linux-uclibcgnueabi/4.6.3;/opt/openwrt-gcc463.arm/lib/gcc;/opt/openwrt-gcc463.arm/arm-openwrt-linux-uclibcgnueabi/lib]
  implicit fwks: []




Detecting CXX [-std=c++0x] compiler features compiled with the following output:
Change Dir: /home/paldier/acrh17/release/src/router/skipdbv2/CMakeFiles/CMakeTmp

Run Build Command:"/usr/bin/make" "cmTC_c3984/fast"
make[4]: 进入目录“/home/paldier/acrh17/release/src/router/skipdbv2/CMakeFiles/CMakeTmp”
/usr/bin/make -f CMakeFiles/cmTC_c3984.dir/build.make CMakeFiles/cmTC_c3984.dir/build
make[5]: 进入目录“/home/paldier/acrh17/release/src/router/skipdbv2/CMakeFiles/CMakeTmp”
Building CXX object CMakeFiles/cmTC_c3984.dir/feature_tests.cxx.o
/opt/openwrt-gcc463.arm/bin/arm-openwrt-linux-uclibcgnueabi-g++    -std=c++0x -o CMakeFiles/cmTC_c3984.dir/feature_tests.cxx.o -c /home/paldier/acrh17/release/src/router/skipdbv2/CMakeFiles/feature_tests.cxx
Linking CXX executable cmTC_c3984
/usr/bin/cmake -E cmake_link_script CMakeFiles/cmTC_c3984.dir/link.txt --verbose=1
/opt/openwrt-gcc463.arm/bin/arm-openwrt-linux-uclibcgnueabi-g++       -rdynamic CMakeFiles/cmTC_c3984.dir/feature_tests.cxx.o  -o cmTC_c3984 
make[5]: 离开目录“/home/paldier/acrh17/release/src/router/skipdbv2/CMakeFiles/CMakeTmp”
make[4]: 离开目录“/home/paldier/acrh17/release/src/router/skipdbv2/CMakeFiles/CMakeTmp”


    Feature record: CXX_FEATURE:0cxx_aggregate_default_initializers
    Feature record: CXX_FEATURE:0cxx_alias_templates
    Feature record: CXX_FEATURE:0cxx_alignas
    Feature record: CXX_FEATURE:0cxx_alignof
    Feature record: CXX_FEATURE:0cxx_attributes
    Feature record: CXX_FEATURE:0cxx_attribute_deprecated
    Feature record: CXX_FEATURE:1cxx_auto_type
    Feature record: CXX_FEATURE:0cxx_binary_literals
    Feature record: CXX_FEATURE:1cxx_constexpr
    Feature record: CXX_FEATURE:0cxx_contextual_conversions
    Feature record: CXX_FEATURE:1cxx_decltype
    Feature record: CXX_FEATURE:0cxx_decltype_auto
    Feature record: CXX_FEATURE:0cxx_decltype_incomplete_return_types
    Feature record: CXX_FEATURE:1cxx_default_function_template_args
    Feature record: CXX_FEATURE:1cxx_defaulted_functions
    Feature record: CXX_FEATURE:1cxx_defaulted_move_initializers
    Feature record: CXX_FEATURE:0cxx_delegating_constructors
    Feature record: CXX_FEATURE:1cxx_deleted_functions
    Feature record: CXX_FEATURE:0cxx_digit_separators
    Feature record: CXX_FEATURE:1cxx_enum_forward_declarations
    Feature record: CXX_FEATURE:1cxx_explicit_conversions
    Feature record: CXX_FEATURE:0cxx_extended_friend_declarations
    Feature record: CXX_FEATURE:1cxx_extern_templates
    Feature record: CXX_FEATURE:0cxx_final
    Feature record: CXX_FEATURE:1cxx_func_identifier
    Feature record: CXX_FEATURE:1cxx_generalized_initializers
    Feature record: CXX_FEATURE:0cxx_generic_lambdas
    Feature record: CXX_FEATURE:0cxx_inheriting_constructors
    Feature record: CXX_FEATURE:1cxx_inline_namespaces
    Feature record: CXX_FEATURE:1cxx_lambdas
    Feature record: CXX_FEATURE:0cxx_lambda_init_captures
    Feature record: CXX_FEATURE:1cxx_local_type_template_args
    Feature record: CXX_FEATURE:1cxx_long_long_type
    Feature record: CXX_FEATURE:1cxx_noexcept
    Feature record: CXX_FEATURE:0cxx_nonstatic_member_init
    Feature record: CXX_FEATURE:1cxx_nullptr
    Feature record: CXX_FEATURE:0cxx_override
    Feature record: CXX_FEATURE:1cxx_range_for
    Feature record: CXX_FEATURE:1cxx_raw_string_literals
    Feature record: CXX_FEATURE:0cxx_reference_qualified_functions
    Feature record: CXX_FEATURE:0cxx_relaxed_constexpr
    Feature record: CXX_FEATURE:0cxx_return_type_deduction
    Feature record: CXX_FEATURE:1cxx_right_angle_brackets
    Feature record: CXX_FEATURE:1cxx_rvalue_references
    Feature record: CXX_FEATURE:1cxx_sizeof_member
    Feature record: CXX_FEATURE:1cxx_static_assert
    Feature record: CXX_FEATURE:1cxx_strong_enums
    Feature record: CXX_FEATURE:1cxx_template_template_parameters
    Feature record: CXX_FEATURE:0cxx_thread_local
    Feature record: CXX_FEATURE:1cxx_trailing_return_types
    Feature record: CXX_FEATURE:1cxx_unicode_literals
    Feature record: CXX_FEATURE:1cxx_uniform_initialization
    Feature record: CXX_FEATURE:1cxx_unrestricted_unions
    Feature record: CXX_FEATURE:0cxx_user_literals
    Feature record: CXX_FEATURE:0cxx_variable_templates
    Feature record: CXX_FEATURE:1cxx_variadic_macros
    Feature record: CXX_FEATURE:1cxx_variadic_templates


Detecting CXX [-std=c++98] compiler features compiled with the following output:
Change Dir: /home/paldier/acrh17/release/src/router/skipdbv2/CMakeFiles/CMakeTmp

Run Build Command:"/usr/bin/make" "cmTC_312e5/fast"
make[4]: 进入目录“/home/paldier/acrh17/release/src/router/skipdbv2/CMakeFiles/CMakeTmp”
/usr/bin/make -f CMakeFiles/cmTC_312e5.dir/build.make CMakeFiles/cmTC_312e5.dir/build
make[5]: 进入目录“/home/paldier/acrh17/release/src/router/skipdbv2/CMakeFiles/CMakeTmp”
Building CXX object CMakeFiles/cmTC_312e5.dir/feature_tests.cxx.o
/opt/openwrt-gcc463.arm/bin/arm-openwrt-linux-uclibcgnueabi-g++    -std=c++98 -o CMakeFiles/cmTC_312e5.dir/feature_tests.cxx.o -c /home/paldier/acrh17/release/src/router/skipdbv2/CMakeFiles/feature_tests.cxx
Linking CXX executable cmTC_312e5
/usr/bin/cmake -E cmake_link_script CMakeFiles/cmTC_312e5.dir/link.txt --verbose=1
/opt/openwrt-gcc463.arm/bin/arm-openwrt-linux-uclibcgnueabi-g++       -rdynamic CMakeFiles/cmTC_312e5.dir/feature_tests.cxx.o  -o cmTC_312e5 
make[5]: 离开目录“/home/paldier/acrh17/release/src/router/skipdbv2/CMakeFiles/CMakeTmp”
make[4]: 离开目录“/home/paldier/acrh17/release/src/router/skipdbv2/CMakeFiles/CMakeTmp”


    Feature record: CXX_FEATURE:0cxx_aggregate_default_initializers
    Feature record: CXX_FEATURE:0cxx_alias_templates
    Feature record: CXX_FEATURE:0cxx_alignas
    Feature record: CXX_FEATURE:0cxx_alignof
    Feature record: CXX_FEATURE:0cxx_attributes
    Feature record: CXX_FEATURE:0cxx_attribute_deprecated
    Feature record: CXX_FEATURE:0cxx_auto_type
    Feature record: CXX_FEATURE:0cxx_binary_literals
    Feature record: CXX_FEATURE:0cxx_constexpr
    Feature record: CXX_FEATURE:0cxx_contextual_conversions
    Feature record: CXX_FEATURE:0cxx_decltype
    Feature record: CXX_FEATURE:0cxx_decltype_auto
    Feature record: CXX_FEATURE:0cxx_decltype_incomplete_return_types
    Feature record: CXX_FEATURE:0cxx_default_function_template_args
    Feature record: CXX_FEATURE:0cxx_defaulted_functions
    Feature record: CXX_FEATURE:0cxx_defaulted_move_initializers
    Feature record: CXX_FEATURE:0cxx_delegating_constructors
    Feature record: CXX_FEATURE:0cxx_deleted_functions
    Feature record: CXX_FEATURE:0cxx_digit_separators
    Feature record: CXX_FEATURE:0cxx_enum_forward_declarations
    Feature record: CXX_FEATURE:0cxx_explicit_conversions
    Feature record: CXX_FEATURE:0cxx_extended_friend_declarations
    Feature record: CXX_FEATURE:0cxx_extern_templates
    Feature record: CXX_FEATURE:0cxx_final
    Feature record: CXX_FEATURE:0cxx_func_identifier
    Feature record: CXX_FEATURE:0cxx_generalized_initializers
    Feature record: CXX_FEATURE:0cxx_generic_lambdas
    Feature record: CXX_FEATURE:0cxx_inheriting_constructors
    Feature record: CXX_FEATURE:0cxx_inline_namespaces
    Feature record: CXX_FEATURE:0cxx_lambdas
    Feature record: CXX_FEATURE:0cxx_lambda_init_captures
    Feature record: CXX_FEATURE:0cxx_local_type_template_args
    Feature record: CXX_FEATURE:0cxx_long_long_type
    Feature record: CXX_FEATURE:0cxx_noexcept
    Feature record: CXX_FEATURE:0cxx_nonstatic_member_init
    Feature record: CXX_FEATURE:0cxx_nullptr
    Feature record: CXX_FEATURE:0cxx_override
    Feature record: CXX_FEATURE:0cxx_range_for
    Feature record: CXX_FEATURE:0cxx_raw_string_literals
    Feature record: CXX_FEATURE:0cxx_reference_qualified_functions
    Feature record: CXX_FEATURE:0cxx_relaxed_constexpr
    Feature record: CXX_FEATURE:0cxx_return_type_deduction
    Feature record: CXX_FEATURE:0cxx_right_angle_brackets
    Feature record: CXX_FEATURE:0cxx_rvalue_references
    Feature record: CXX_FEATURE:0cxx_sizeof_member
    Feature record: CXX_FEATURE:0cxx_static_assert
    Feature record: CXX_FEATURE:0cxx_strong_enums
    Feature record: CXX_FEATURE:1cxx_template_template_parameters
    Feature record: CXX_FEATURE:0cxx_thread_local
    Feature record: CXX_FEATURE:0cxx_trailing_return_types
    Feature record: CXX_FEATURE:0cxx_unicode_literals
    Feature record: CXX_FEATURE:0cxx_uniform_initialization
    Feature record: CXX_FEATURE:0cxx_unrestricted_unions
    Feature record: CXX_FEATURE:0cxx_user_literals
    Feature record: CXX_FEATURE:0cxx_variable_templates
    Feature record: CXX_FEATURE:0cxx_variadic_macros
    Feature record: CXX_FEATURE:0cxx_variadic_templates
